<?xml version="1.0" encoding="UTF-8"?>
<!-- Generated by org.testng.reporters.JUnitReportReporter -->
<testsuite skipped="0" hostname="mayurmansukh" name="testCases.LoginTest" tests="1" failures="0" timestamp="2022-03-17T18:17:08 IST" time="1.489" errors="0">
  <testcase name="loginTest" time="1.489" classname="testCases.LoginTest"/>
  <system-out/>
</testsuite> <!-- testCases.LoginTest -->
